<?xml version="1.0" encoding="UTF-8"?>
<!-- Generated by org.testng.reporters.JUnitXMLReporter -->
<testsuite hostname="jays-MacBook-Pro.local" ignored="0" name="Default test" tests="9" failures="0" timestamp="2023-08-15T22:09:41 IST" time="28.379" errors="0">
  <testcase name="LoginTestCase" time="4.439" classname="Feature.YerunHoga"/>
  <testcase name="dragAnddrop" time="5.312" classname="Feature.YerunHoga"/>
  <testcase name="loginTest" time="0.002" classname="Feature.YerunHoga"/>
  <testcase name="loginTest" time="0.001" classname="Feature.YerunHoga"/>
  <testcase name="print" time="0.002" classname="Feature.YerunHoga"/>
  <testcase name="seleniumeasy" time="4.127" classname="Feature.YerunHoga"/>
  <testcase name="seleniumeasymultipleTabs" time="4.557" classname="Feature.YerunHoga"/>
  <testcase name="swaglabs_titletest" time="0.207" classname="Feature.YerunHoga"/>
  <testcase name="verifyTitle" time="2.843" classname="Feature.YerunHoga"/>
</testsuite> <!-- Default test -->
