<?xml version="1.0" encoding="UTF-8"?>
<!-- Generated by org.testng.reporters.JUnitXMLReporter -->
<testsuite hostname="jays-MacBook-Pro.local" ignored="0" name="Test" tests="4" failures="0" timestamp="2023-07-13T13:29:35 IST" time="26.909" errors="0">
  <testcase name="Browsersetup" time="7.739" classname="Feature.Practice"/>
  <testcase name="LoginTestCase" time="5.258" classname="Feature.YerunHoga"/>
  <testcase name="flipkarttestcase" time="9.606" classname="Feature.YerunHoga"/>
  <testcase name="print" time="0.001" classname="Feature.YerunHoga"/>
</testsuite> <!-- Test -->
