<?xml version="1.0" encoding="UTF-8"?>
<!-- Generated by org.testng.reporters.JUnitXMLReporter -->
<testsuite ignored="0" hostname="jays-MacBook-Pro.local" failures="0" tests="6" name="Test" time="28.269" errors="0" timestamp="2023-08-27T20:13:29 IST">
  <testcase classname="Feature.YerunHoga" name="LoginTestCase" time="4.279"/>
  <testcase classname="Feature.YerunHoga" name="abc8" time="0.001"/>
  <testcase classname="Feature.YerunHoga" name="dragAnddrop" time="5.408"/>
  <testcase classname="Feature.YerunHoga" name="seleniumeasy" time="3.787"/>
  <testcase classname="Feature.YerunHoga" name="seleniumeasymultipleTabs" time="0.261"/>
  <testcase classname="Feature.YerunHoga" name="verifyTitle" time="0.86"/>
</testsuite> <!-- Test -->
