<?xml version="1.0" encoding="UTF-8"?>
<testng-results skipped="0" failed="0" ignored="0" total="1" passed="1">
  <reporter-output>
  </reporter-output>
  <suite name="Default suite" duration-ms="37591" started-at="2023-07-13T19:00:29 IST" finished-at="2023-07-13T19:01:06 IST">
    <groups>
    </groups>
    <test name="Default test" duration-ms="37591" started-at="2023-07-13T19:00:29 IST" finished-at="2023-07-13T19:01:06 IST">
      <class name="Feature.Practice">
        <test-method status="PASS" signature="Browsersetup()[pri:0, instance:Feature.Practice@5faeada1]" name="Browsersetup" duration-ms="37559" started-at="2023-07-13T19:00:29 IST" finished-at="2023-07-13T19:01:06 IST">
          <reporter-output>
          </reporter-output>
        </test-method> <!-- Browsersetup -->
      </class> <!-- Feature.Practice -->
    </test> <!-- Default test -->
  </suite> <!-- Default suite -->
</testng-results>
